2025-07-10 11:57:41 - Resetting update count on page load
2025-07-10 11:57:42 - Forced WordPress to check for updates
2025-07-10 11:57:42 - New update count: 0
2025-07-10 11:57:42 - Plugins in update cache after reset:
2025-07-10 11:58:20 - Resetting update count on page load
2025-07-10 11:58:21 - Forced WordPress to check for updates
2025-07-10 11:58:21 - New update count: 0
2025-07-10 11:58:21 - Plugins in update cache after reset:
2025-07-10 11:58:25 - Resetting update count on page load
2025-07-10 11:58:26 - Forced WordPress to check for updates
2025-07-10 11:58:26 - New update count: 0
2025-07-10 11:58:26 - Plugins in update cache after reset:
2025-07-10 11:58:27 - Resetting update count on page load
2025-07-10 11:58:28 - Forced WordPress to check for updates
2025-07-10 11:58:28 - New update count: 0
2025-07-10 11:58:28 - Plugins in update cache after reset:
2025-07-10 11:58:33 - Resetting update count on page load
2025-07-10 11:58:33 - Forced WordPress to check for updates
2025-07-10 11:58:33 - New update count: 0
2025-07-10 11:58:33 - Plugins in update cache after reset:
2025-07-10 11:58:43 - Resetting update count on page load
2025-07-10 11:58:44 - Forced WordPress to check for updates
2025-07-10 11:58:44 - New update count: 0
2025-07-10 11:58:44 - Plugins in update cache after reset:
2025-07-10 11:58:49 - Resetting update count on page load
2025-07-10 11:58:50 - Forced WordPress to check for updates
2025-07-10 11:58:50 - New update count: 0
2025-07-10 11:58:50 - Plugins in update cache after reset:
2025-07-10 11:58:50 - Resetting update count on page load
2025-07-10 11:58:51 - Forced WordPress to check for updates
2025-07-10 11:58:51 - New update count: 0
2025-07-10 11:58:51 - Plugins in update cache after reset:
2025-07-10 11:59:36 - Resetting update count on page load
2025-07-10 11:59:37 - Forced WordPress to check for updates
2025-07-10 11:59:37 - New update count: 0
2025-07-10 11:59:37 - Plugins in update cache after reset:
2025-07-10 11:59:52 - Resetting update count on page load
2025-07-10 11:59:52 - Forced WordPress to check for updates
2025-07-10 11:59:52 - New update count: 0
2025-07-10 11:59:52 - Plugins in update cache after reset:
2025-07-10 12:00:21 - Resetting update count on page load
2025-07-10 12:00:22 - Forced WordPress to check for updates
2025-07-10 12:00:22 - New update count: 0
2025-07-10 12:00:22 - Plugins in update cache after reset:
2025-07-10 12:00:32 - Resetting update count on page load
2025-07-10 12:00:33 - Forced WordPress to check for updates
2025-07-10 12:00:33 - New update count: 0
2025-07-10 12:00:33 - Plugins in update cache after reset:
2025-07-10 12:00:52 - Resetting update count on page load
2025-07-10 12:00:52 - Forced WordPress to check for updates
2025-07-10 12:00:52 - New update count: 0
2025-07-10 12:00:52 - Plugins in update cache after reset:
2025-07-10 12:01:36 - Resetting update count on page load
2025-07-10 12:01:37 - Forced WordPress to check for updates
2025-07-10 12:01:37 - New update count: 0
2025-07-10 12:01:37 - Plugins in update cache after reset:
2025-07-10 12:01:52 - Resetting update count on page load
2025-07-10 12:01:52 - Forced WordPress to check for updates
2025-07-10 12:01:52 - New update count: 0
2025-07-10 12:01:52 - Plugins in update cache after reset:
2025-07-10 12:02:22 - Resetting update count on page load
2025-07-10 12:02:23 - Forced WordPress to check for updates
2025-07-10 12:02:23 - New update count: 0
2025-07-10 12:02:23 - Plugins in update cache after reset:
2025-07-10 12:02:33 - Resetting update count on page load
2025-07-10 12:02:34 - Forced WordPress to check for updates
2025-07-10 12:02:34 - New update count: 0
2025-07-10 12:02:34 - Plugins in update cache after reset:
2025-07-10 12:02:52 - Resetting update count on page load
2025-07-10 12:02:52 - Forced WordPress to check for updates
2025-07-10 12:02:52 - New update count: 0
2025-07-10 12:02:52 - Plugins in update cache after reset:
2025-07-10 12:03:37 - Resetting update count on page load
2025-07-10 12:03:38 - Forced WordPress to check for updates
2025-07-10 12:03:38 - New update count: 0
2025-07-10 12:03:38 - Plugins in update cache after reset:
2025-07-10 12:03:52 - Resetting update count on page load
2025-07-10 12:03:52 - Forced WordPress to check for updates
2025-07-10 12:03:52 - New update count: 0
2025-07-10 12:03:52 - Plugins in update cache after reset:
2025-07-10 12:04:23 - Resetting update count on page load
2025-07-10 12:04:24 - Forced WordPress to check for updates
2025-07-10 12:04:24 - New update count: 0
2025-07-10 12:04:24 - Plugins in update cache after reset:
2025-07-10 12:04:34 - Resetting update count on page load
2025-07-10 12:04:35 - Forced WordPress to check for updates
2025-07-10 12:04:35 - New update count: 0
2025-07-10 12:04:35 - Plugins in update cache after reset:
2025-07-10 12:04:52 - Resetting update count on page load
2025-07-10 12:04:52 - Forced WordPress to check for updates
2025-07-10 12:04:52 - New update count: 0
2025-07-10 12:04:52 - Plugins in update cache after reset:
2025-07-10 12:05:38 - Resetting update count on page load
2025-07-10 12:05:39 - Forced WordPress to check for updates
2025-07-10 12:05:39 - New update count: 0
2025-07-10 12:05:39 - Plugins in update cache after reset:
2025-07-10 12:05:52 - Resetting update count on page load
2025-07-10 12:05:52 - Forced WordPress to check for updates
2025-07-10 12:05:52 - New update count: 0
2025-07-10 12:05:52 - Plugins in update cache after reset:
2025-07-10 12:06:24 - Resetting update count on page load
2025-07-10 12:06:25 - Forced WordPress to check for updates
2025-07-10 12:06:25 - New update count: 0
2025-07-10 12:06:25 - Plugins in update cache after reset:
2025-07-10 12:06:35 - Resetting update count on page load
2025-07-10 12:06:36 - Forced WordPress to check for updates
2025-07-10 12:06:36 - New update count: 0
2025-07-10 12:06:36 - Plugins in update cache after reset:
2025-07-10 12:06:52 - Resetting update count on page load
2025-07-10 12:06:52 - Forced WordPress to check for updates
2025-07-10 12:06:52 - New update count: 0
2025-07-10 12:06:52 - Plugins in update cache after reset:
2025-07-10 12:07:39 - Resetting update count on page load
2025-07-10 12:07:41 - Forced WordPress to check for updates
2025-07-10 12:07:41 - New update count: 0
2025-07-10 12:07:41 - Plugins in update cache after reset:
2025-07-10 12:07:52 - Resetting update count on page load
2025-07-10 12:07:52 - Forced WordPress to check for updates
2025-07-10 12:07:52 - New update count: 0
2025-07-10 12:07:52 - Plugins in update cache after reset:
2025-07-10 12:08:25 - Resetting update count on page load
2025-07-10 12:08:26 - Forced WordPress to check for updates
2025-07-10 12:08:26 - New update count: 0
2025-07-10 12:08:26 - Plugins in update cache after reset:
2025-07-10 12:08:36 - Resetting update count on page load
2025-07-10 12:08:37 - Forced WordPress to check for updates
2025-07-10 12:08:37 - New update count: 0
2025-07-10 12:08:37 - Plugins in update cache after reset:
2025-07-10 12:08:52 - Resetting update count on page load
2025-07-10 12:08:53 - Forced WordPress to check for updates
2025-07-10 12:08:53 - New update count: 0
2025-07-10 12:08:53 - Plugins in update cache after reset:
2025-07-10 12:19:28 - Resetting update count on page load
2025-07-10 12:19:29 - Forced WordPress to check for updates
2025-07-10 12:19:29 - New update count: 0
2025-07-10 12:19:29 - Plugins in update cache after reset:
2025-07-10 12:19:57 - Resetting update count on page load
2025-07-10 12:19:58 - Forced WordPress to check for updates
2025-07-10 12:19:58 - New update count: 0
2025-07-10 12:19:58 - Plugins in update cache after reset:
2025-07-10 12:20:27 - Resetting update count on page load
2025-07-10 12:20:28 - Forced WordPress to check for updates
2025-07-10 12:20:28 - New update count: 0
2025-07-10 12:20:28 - Plugins in update cache after reset:
2025-07-10 12:21:30 - Resetting update count on page load
2025-07-10 12:21:31 - Forced WordPress to check for updates
2025-07-10 12:21:31 - New update count: 0
2025-07-10 12:21:31 - Plugins in update cache after reset:
2025-07-10 12:21:33 - Resetting update count on page load
2025-07-10 12:21:34 - Forced WordPress to check for updates
2025-07-10 12:21:34 - New update count: 0
2025-07-10 12:21:34 - Plugins in update cache after reset:
2025-07-10 12:21:44 - Resetting update count on page load
2025-07-10 12:21:45 - Forced WordPress to check for updates
2025-07-10 12:21:45 - New update count: 0
2025-07-10 12:21:45 - Plugins in update cache after reset:
2025-07-10 12:21:54 - Resetting update count on page load
2025-07-10 12:21:55 - Forced WordPress to check for updates
2025-07-10 12:21:55 - New update count: 0
2025-07-10 12:21:55 - Plugins in update cache after reset:
2025-07-10 12:21:58 - Resetting update count on page load
2025-07-10 12:21:59 - Forced WordPress to check for updates
2025-07-10 12:21:59 - New update count: 0
2025-07-10 12:21:59 - Plugins in update cache after reset:
2025-07-10 12:22:48 - Resetting update count on page load
2025-07-10 12:22:50 - Forced WordPress to check for updates
2025-07-10 12:22:50 - New update count: 0
2025-07-10 12:22:50 - Plugins in update cache after reset:
2025-07-10 12:22:56 - Resetting update count on page load
2025-07-10 12:22:57 - Forced WordPress to check for updates
2025-07-10 12:22:57 - New update count: 0
2025-07-10 12:22:57 - Plugins in update cache after reset:
2025-07-10 12:23:34 - Resetting update count on page load
2025-07-10 12:23:35 - Forced WordPress to check for updates
2025-07-10 12:23:35 - New update count: 0
2025-07-10 12:23:35 - Plugins in update cache after reset:
2025-07-10 12:23:45 - Resetting update count on page load
2025-07-10 12:23:46 - Forced WordPress to check for updates
2025-07-10 12:23:46 - New update count: 0
2025-07-10 12:23:46 - Plugins in update cache after reset:
2025-07-10 12:23:56 - Resetting update count on page load
2025-07-10 12:23:57 - Forced WordPress to check for updates
2025-07-10 12:23:57 - New update count: 0
2025-07-10 12:23:57 - Plugins in update cache after reset:
2025-07-10 12:24:49 - Resetting update count on page load
2025-07-10 12:24:50 - Forced WordPress to check for updates
2025-07-10 12:24:50 - New update count: 0
2025-07-10 12:24:50 - Plugins in update cache after reset:
2025-07-10 12:24:56 - Resetting update count on page load
2025-07-10 12:24:57 - Forced WordPress to check for updates
2025-07-10 12:24:57 - New update count: 0
2025-07-10 12:24:57 - Plugins in update cache after reset:
2025-07-10 12:25:35 - Resetting update count on page load
2025-07-10 12:25:36 - Forced WordPress to check for updates
2025-07-10 12:25:36 - New update count: 0
2025-07-10 12:25:36 - Plugins in update cache after reset:
2025-07-10 12:25:46 - Resetting update count on page load
2025-07-10 12:25:47 - Forced WordPress to check for updates
2025-07-10 12:25:47 - New update count: 0
2025-07-10 12:25:47 - Plugins in update cache after reset:
2025-07-10 12:25:48 - Resetting update count on page load
2025-07-10 12:25:49 - Forced WordPress to check for updates
2025-07-10 12:25:49 - New update count: 0
2025-07-10 12:25:49 - Plugins in update cache after reset:
2025-07-10 12:26:49 - Resetting update count on page load
2025-07-10 12:26:50 - Forced WordPress to check for updates
2025-07-10 12:26:50 - New update count: 0
2025-07-10 12:26:50 - Plugins in update cache after reset:
2025-07-10 12:26:50 - Resetting update count on page load
2025-07-10 12:26:51 - Forced WordPress to check for updates
2025-07-10 12:26:51 - New update count: 0
2025-07-10 12:26:51 - Plugins in update cache after reset:
2025-07-10 12:27:36 - Resetting update count on page load
2025-07-10 12:27:37 - Forced WordPress to check for updates
2025-07-10 12:27:37 - New update count: 0
2025-07-10 12:27:37 - Plugins in update cache after reset:
2025-07-10 12:27:47 - Resetting update count on page load
2025-07-10 12:27:48 - Forced WordPress to check for updates
2025-07-10 12:27:48 - New update count: 0
2025-07-10 12:27:48 - Plugins in update cache after reset:
2025-07-10 12:27:49 - Resetting update count on page load
2025-07-10 12:27:50 - Forced WordPress to check for updates
2025-07-10 12:27:50 - New update count: 0
2025-07-10 12:27:50 - Plugins in update cache after reset:
2025-07-10 12:28:49 - Resetting update count on page load
2025-07-10 12:28:50 - Forced WordPress to check for updates
2025-07-10 12:28:50 - New update count: 0
2025-07-10 12:28:50 - Plugins in update cache after reset:
2025-07-10 12:28:51 - Resetting update count on page load
2025-07-10 12:28:52 - Forced WordPress to check for updates
2025-07-10 12:28:52 - New update count: 0
2025-07-10 12:28:52 - Plugins in update cache after reset:
2025-07-10 12:29:16 - Resetting update count on page load
2025-07-10 12:29:17 - Forced WordPress to check for updates
2025-07-10 12:29:17 - New update count: 0
2025-07-10 12:29:17 - Plugins in update cache after reset:
2025-07-10 12:29:37 - Resetting update count on page load
2025-07-10 12:29:38 - Forced WordPress to check for updates
2025-07-10 12:29:38 - New update count: 0
2025-07-10 12:29:38 - Plugins in update cache after reset:
2025-07-10 12:29:48 - Resetting update count on page load
2025-07-10 12:29:49 - Forced WordPress to check for updates
2025-07-10 12:29:49 - New update count: 0
2025-07-10 12:29:49 - Plugins in update cache after reset:
2025-07-10 12:30:18 - Resetting update count on page load
2025-07-10 12:30:19 - Forced WordPress to check for updates
2025-07-10 12:30:19 - New update count: 0
2025-07-10 12:30:19 - Plugins in update cache after reset:
2025-07-10 12:30:48 - Resetting update count on page load
2025-07-10 12:30:49 - Forced WordPress to check for updates
2025-07-10 12:30:49 - New update count: 0
2025-07-10 12:30:49 - Plugins in update cache after reset:
2025-07-10 12:30:52 - Resetting update count on page load
2025-07-10 12:30:53 - Resetting update count on page load
2025-07-10 12:30:53 - Forced WordPress to check for updates
2025-07-10 12:30:53 - New update count: 0
2025-07-10 12:30:53 - Plugins in update cache after reset:
2025-07-10 12:30:54 - Forced WordPress to check for updates
2025-07-10 12:30:54 - New update count: 0
2025-07-10 12:30:54 - Plugins in update cache after reset:
2025-07-10 12:30:56 - Resetting update count on page load
2025-07-10 12:30:57 - Forced WordPress to check for updates
2025-07-10 12:30:57 - New update count: 0
2025-07-10 12:30:57 - Plugins in update cache after reset:
2025-07-10 12:31:18 - Resetting update count on page load
2025-07-10 12:31:19 - Forced WordPress to check for updates
2025-07-10 12:31:19 - New update count: 0
2025-07-10 12:31:19 - Plugins in update cache after reset:
2025-07-10 12:31:49 - Resetting update count on page load
2025-07-10 12:31:50 - Forced WordPress to check for updates
2025-07-10 12:31:50 - New update count: 0
2025-07-10 12:31:50 - Plugins in update cache after reset:
2025-07-10 12:32:00 - Resetting update count on page load
2025-07-10 12:32:01 - Forced WordPress to check for updates
2025-07-10 12:32:01 - New update count: 0
2025-07-10 12:32:01 - Plugins in update cache after reset:
2025-07-10 12:32:44 - Resetting update count on page load
2025-07-10 12:32:45 - Forced WordPress to check for updates
2025-07-10 12:32:45 - New update count: 0
2025-07-10 12:32:45 - Plugins in update cache after reset:
2025-07-10 12:32:45 - Resetting update count on page load
2025-07-10 12:32:46 - Forced WordPress to check for updates
2025-07-10 12:32:46 - New update count: 0
2025-07-10 12:32:46 - Plugins in update cache after reset:
2025-07-10 12:33:00 - Resetting update count on page load
2025-07-10 12:33:01 - Forced WordPress to check for updates
2025-07-10 12:33:01 - New update count: 0
2025-07-10 12:33:01 - Plugins in update cache after reset:
2025-07-10 12:33:47 - Resetting update count on page load
2025-07-10 12:33:48 - Forced WordPress to check for updates
2025-07-10 12:33:48 - New update count: 0
2025-07-10 12:33:48 - Plugins in update cache after reset:
2025-07-10 12:33:50 - Resetting update count on page load
2025-07-10 12:33:51 - Forced WordPress to check for updates
2025-07-10 12:33:51 - New update count: 0
2025-07-10 12:33:51 - Plugins in update cache after reset:
2025-07-10 12:35:01 - Resetting update count on page load
2025-07-10 12:35:02 - Forced WordPress to check for updates
2025-07-10 12:35:02 - New update count: 0
2025-07-10 12:35:02 - Plugins in update cache after reset:
2025-07-10 12:35:47 - Resetting update count on page load
2025-07-10 12:35:48 - Forced WordPress to check for updates
2025-07-10 12:35:48 - New update count: 0
2025-07-10 12:35:48 - Plugins in update cache after reset:
2025-07-10 12:35:51 - Resetting update count on page load
2025-07-10 12:35:52 - Forced WordPress to check for updates
2025-07-10 12:35:52 - New update count: 0
2025-07-10 12:35:52 - Plugins in update cache after reset:
2025-07-10 12:36:01 - Resetting update count on page load
2025-07-10 12:36:01 - Resetting update count on page load
2025-07-10 12:36:02 - Forced WordPress to check for updates
2025-07-10 12:36:02 - New update count: 0
2025-07-10 12:36:02 - Plugins in update cache after reset:
2025-07-10 12:36:02 - Forced WordPress to check for updates
2025-07-10 12:36:02 - New update count: 0
2025-07-10 12:36:02 - Plugins in update cache after reset:
2025-07-10 12:37:03 - Resetting update count on page load
2025-07-10 12:37:04 - Forced WordPress to check for updates
2025-07-10 12:37:04 - New update count: 0
2025-07-10 12:37:04 - Plugins in update cache after reset:
2025-07-10 12:37:48 - Resetting update count on page load
2025-07-10 12:37:49 - Forced WordPress to check for updates
2025-07-10 12:37:49 - New update count: 0
2025-07-10 12:37:49 - Plugins in update cache after reset:
2025-07-10 12:37:52 - Resetting update count on page load
2025-07-10 12:37:53 - Forced WordPress to check for updates
2025-07-10 12:37:53 - New update count: 0
2025-07-10 12:37:53 - Plugins in update cache after reset:
2025-07-10 12:38:03 - Resetting update count on page load
2025-07-10 12:38:04 - Forced WordPress to check for updates
2025-07-10 12:38:04 - New update count: 0
2025-07-10 12:38:04 - Plugins in update cache after reset:
2025-07-10 12:39:03 - Resetting update count on page load
2025-07-10 12:39:04 - Forced WordPress to check for updates
2025-07-10 12:39:04 - New update count: 0
2025-07-10 12:39:04 - Plugins in update cache after reset:
2025-07-10 12:39:49 - Resetting update count on page load
2025-07-10 12:39:50 - Forced WordPress to check for updates
2025-07-10 12:39:50 - New update count: 0
2025-07-10 12:39:50 - Plugins in update cache after reset:
2025-07-10 12:39:53 - Resetting update count on page load
2025-07-10 12:39:54 - Forced WordPress to check for updates
2025-07-10 12:39:54 - New update count: 0
2025-07-10 12:39:54 - Plugins in update cache after reset:
2025-07-10 12:40:03 - Resetting update count on page load
2025-07-10 12:40:04 - Forced WordPress to check for updates
2025-07-10 12:40:04 - New update count: 0
2025-07-10 12:40:04 - Plugins in update cache after reset:
2025-07-10 12:41:27 - Resetting update count on page load
2025-07-10 12:41:28 - Forced WordPress to check for updates
2025-07-10 12:41:28 - New update count: 0
2025-07-10 12:41:28 - Plugins in update cache after reset:
2025-07-10 12:41:28 - Resetting update count on page load
2025-07-10 12:41:29 - Forced WordPress to check for updates
2025-07-10 12:41:29 - New update count: 0
2025-07-10 12:41:29 - Plugins in update cache after reset:
2025-07-10 12:41:50 - Resetting update count on page load
2025-07-10 12:41:51 - Forced WordPress to check for updates
2025-07-10 12:41:51 - New update count: 0
2025-07-10 12:41:51 - Plugins in update cache after reset:
2025-07-10 12:42:30 - Resetting update count on page load
2025-07-10 12:42:31 - Forced WordPress to check for updates
2025-07-10 12:42:31 - New update count: 0
2025-07-10 12:42:31 - Plugins in update cache after reset:
2025-07-10 12:43:30 - Resetting update count on page load
2025-07-10 12:43:31 - Forced WordPress to check for updates
2025-07-10 12:43:31 - New update count: 0
2025-07-10 12:43:31 - Plugins in update cache after reset:
2025-07-10 12:44:31 - Resetting update count on page load
2025-07-10 12:44:31 - Forced WordPress to check for updates
2025-07-10 12:44:31 - New update count: 0
2025-07-10 12:44:31 - Plugins in update cache after reset:
2025-07-10 12:44:56 - Resetting update count on page load
2025-07-10 12:44:57 - Forced WordPress to check for updates
2025-07-10 12:44:57 - New update count: 0
2025-07-10 12:44:57 - Plugins in update cache after reset:
2025-07-10 12:45:58 - Resetting update count on page load
2025-07-10 12:45:59 - Forced WordPress to check for updates
2025-07-10 12:45:59 - New update count: 0
2025-07-10 12:45:59 - Plugins in update cache after reset:
2025-07-10 12:47:12 - Resetting update count on page load
2025-07-10 12:47:13 - Forced WordPress to check for updates
2025-07-10 12:47:13 - New update count: 0
2025-07-10 12:47:13 - Plugins in update cache after reset:
2025-07-10 12:47:56 - Resetting update count on page load
2025-07-10 12:47:56 - Forced WordPress to check for updates
2025-07-10 12:47:56 - New update count: 0
2025-07-10 12:47:56 - Plugins in update cache after reset:
2025-07-10 12:48:57 - Resetting update count on page load
2025-07-10 12:48:58 - Forced WordPress to check for updates
2025-07-10 12:48:58 - New update count: 0
2025-07-10 12:48:58 - Plugins in update cache after reset:
2025-07-10 12:49:57 - Resetting update count on page load
2025-07-10 12:49:58 - Forced WordPress to check for updates
2025-07-10 12:49:58 - New update count: 0
2025-07-10 12:49:58 - Plugins in update cache after reset:
2025-07-10 12:50:57 - Resetting update count on page load
2025-07-10 12:50:58 - Forced WordPress to check for updates
2025-07-10 12:50:58 - New update count: 0
2025-07-10 12:50:58 - Plugins in update cache after reset:
2025-07-10 12:52:29 - Resetting update count on page load
2025-07-10 12:52:30 - Forced WordPress to check for updates
2025-07-10 12:52:30 - New update count: 0
2025-07-10 12:52:30 - Plugins in update cache after reset:
2025-07-10 12:52:30 - Resetting update count on page load
2025-07-10 12:52:31 - Forced WordPress to check for updates
2025-07-10 12:52:31 - New update count: 0
2025-07-10 12:52:31 - Plugins in update cache after reset:
2025-07-10 12:53:32 - Resetting update count on page load
2025-07-10 12:53:33 - Forced WordPress to check for updates
2025-07-10 12:53:33 - New update count: 0
2025-07-10 12:53:33 - Plugins in update cache after reset:
2025-07-10 12:54:32 - Resetting update count on page load
2025-07-10 12:54:33 - Forced WordPress to check for updates
2025-07-10 12:54:33 - New update count: 0
2025-07-10 12:54:33 - Plugins in update cache after reset:
2025-07-10 12:56:32 - Resetting update count on page load
2025-07-10 12:56:33 - Forced WordPress to check for updates
2025-07-10 12:56:33 - New update count: 0
2025-07-10 12:56:33 - Plugins in update cache after reset:
2025-07-10 12:58:32 - Resetting update count on page load
2025-07-10 12:58:33 - Forced WordPress to check for updates
2025-07-10 12:58:33 - New update count: 0
2025-07-10 12:58:33 - Plugins in update cache after reset:
2025-07-10 13:00:32 - Resetting update count on page load
2025-07-10 13:00:33 - Forced WordPress to check for updates
2025-07-10 13:00:33 - New update count: 0
2025-07-10 13:00:33 - Plugins in update cache after reset:
2025-07-10 13:01:02 - Resetting update count on page load
2025-07-10 13:01:02 - Forced WordPress to check for updates
2025-07-10 13:01:02 - New update count: 0
2025-07-10 13:01:02 - Plugins in update cache after reset:
2025-07-10 13:02:03 - Resetting update count on page load
2025-07-10 13:02:04 - Forced WordPress to check for updates
2025-07-10 13:02:04 - New update count: 0
2025-07-10 13:02:04 - Plugins in update cache after reset:
2025-07-10 13:03:03 - Resetting update count on page load
2025-07-10 13:03:04 - Forced WordPress to check for updates
2025-07-10 13:03:04 - New update count: 0
2025-07-10 13:03:04 - Plugins in update cache after reset:
2025-07-10 13:04:03 - Resetting update count on page load
2025-07-10 13:04:04 - Forced WordPress to check for updates
2025-07-10 13:04:04 - New update count: 0
2025-07-10 13:04:04 - Plugins in update cache after reset:
2025-07-10 13:05:03 - Resetting update count on page load
2025-07-10 13:05:04 - Forced WordPress to check for updates
2025-07-10 13:05:04 - New update count: 0
2025-07-10 13:05:04 - Plugins in update cache after reset:
2025-07-10 13:06:03 - Resetting update count on page load
2025-07-10 13:06:04 - Forced WordPress to check for updates
2025-07-10 13:06:04 - New update count: 0
2025-07-10 13:06:04 - Plugins in update cache after reset:
2025-07-10 13:06:25 - Resetting update count on page load
2025-07-10 13:06:26 - Forced WordPress to check for updates
2025-07-10 13:06:26 - New update count: 0
2025-07-10 13:06:26 - Plugins in update cache after reset:
2025-07-10 13:07:27 - Resetting update count on page load
2025-07-10 13:07:28 - Forced WordPress to check for updates
2025-07-10 13:07:28 - New update count: 0
2025-07-10 13:07:28 - Plugins in update cache after reset:
2025-07-10 13:09:24 - Resetting update count on page load
2025-07-10 13:09:25 - Forced WordPress to check for updates
2025-07-10 13:09:25 - New update count: 0
2025-07-10 13:09:25 - Plugins in update cache after reset:
2025-07-10 13:09:25 - Resetting update count on page load
2025-07-10 13:09:26 - Forced WordPress to check for updates
2025-07-10 13:09:26 - New update count: 0
2025-07-10 13:09:26 - Plugins in update cache after reset:
2025-07-10 13:10:27 - Resetting update count on page load
2025-07-10 13:10:28 - Forced WordPress to check for updates
2025-07-10 13:10:28 - New update count: 0
2025-07-10 13:10:28 - Plugins in update cache after reset:
2025-07-10 13:11:27 - Resetting update count on page load
2025-07-10 13:11:28 - Forced WordPress to check for updates
2025-07-10 13:11:28 - New update count: 0
2025-07-10 13:11:28 - Plugins in update cache after reset:
2025-07-10 13:13:28 - Resetting update count on page load
2025-07-10 13:13:29 - Forced WordPress to check for updates
2025-07-10 13:13:29 - New update count: 0
2025-07-10 13:13:29 - Plugins in update cache after reset:
2025-07-10 13:14:29 - Resetting update count on page load
2025-07-10 13:14:29 - Resetting update count on page load
2025-07-10 13:14:30 - Forced WordPress to check for updates
2025-07-10 13:14:30 - New update count: 0
2025-07-10 13:14:30 - Plugins in update cache after reset:
2025-07-10 13:14:30 - Forced WordPress to check for updates
2025-07-10 13:14:30 - New update count: 0
2025-07-10 13:14:30 - Plugins in update cache after reset:
2025-07-10 13:14:54 - Resetting update count on page load
2025-07-10 13:14:55 - Forced WordPress to check for updates
2025-07-10 13:14:55 - New update count: 0
2025-07-10 13:14:55 - Plugins in update cache after reset:
2025-07-10 13:15:56 - Resetting update count on page load
2025-07-10 13:15:57 - Forced WordPress to check for updates
2025-07-10 13:15:57 - New update count: 0
2025-07-10 13:15:57 - Plugins in update cache after reset:
2025-07-10 13:21:38 - Resetting update count on page load
2025-07-10 13:21:39 - Forced WordPress to check for updates
2025-07-10 13:21:39 - New update count: 0
2025-07-10 13:21:39 - Plugins in update cache after reset:
2025-07-10 13:21:42 - Resetting update count on page load
2025-07-10 13:21:43 - Forced WordPress to check for updates
2025-07-10 13:21:43 - New update count: 0
2025-07-10 13:21:43 - Plugins in update cache after reset:
2025-07-10 13:22:44 - Resetting update count on page load
2025-07-10 13:22:45 - Forced WordPress to check for updates
2025-07-10 13:22:45 - New update count: 0
2025-07-10 13:22:45 - Plugins in update cache after reset:
2025-07-10 13:22:53 - Resetting update count on page load
2025-07-10 13:22:54 - Forced WordPress to check for updates
2025-07-10 13:22:54 - New update count: 0
2025-07-10 13:22:54 - Plugins in update cache after reset:
2025-07-10 13:23:44 - Resetting update count on page load
2025-07-10 13:23:45 - Forced WordPress to check for updates
2025-07-10 13:23:45 - New update count: 0
2025-07-10 13:23:45 - Plugins in update cache after reset:
2025-07-10 13:23:58 - Resetting update count on page load
2025-07-10 13:23:59 - Forced WordPress to check for updates
2025-07-10 13:23:59 - New update count: 0
2025-07-10 13:23:59 - Plugins in update cache after reset:
2025-07-10 13:24:10 - Resetting update count on page load
2025-07-10 13:24:11 - Forced WordPress to check for updates
2025-07-10 13:24:11 - New update count: 0
2025-07-10 13:24:11 - Plugins in update cache after reset:
2025-07-10 13:24:34 - Resetting update count on page load
2025-07-10 13:24:35 - Forced WordPress to check for updates
2025-07-10 13:24:35 - New update count: 0
2025-07-10 13:24:35 - Plugins in update cache after reset:
2025-07-10 13:24:38 - Resetting update count on page load
2025-07-10 13:24:39 - Forced WordPress to check for updates
2025-07-10 13:24:39 - New update count: 0
2025-07-10 13:24:39 - Plugins in update cache after reset:
2025-07-10 13:24:46 - Resetting update count on page load
2025-07-10 13:24:47 - Forced WordPress to check for updates
2025-07-10 13:24:47 - New update count: 0
2025-07-10 13:24:47 - Plugins in update cache after reset:
2025-07-10 13:25:48 - Resetting update count on page load
2025-07-10 13:25:49 - Forced WordPress to check for updates
2025-07-10 13:25:49 - New update count: 0
2025-07-10 13:25:49 - Plugins in update cache after reset:
2025-07-10 13:25:58 - Resetting update count on page load
2025-07-10 13:25:59 - Forced WordPress to check for updates
2025-07-10 13:25:59 - New update count: 0
2025-07-10 13:25:59 - Plugins in update cache after reset:
2025-07-10 13:27:12 - Resetting update count on page load
2025-07-10 13:27:13 - Forced WordPress to check for updates
2025-07-10 13:27:13 - New update count: 0
2025-07-10 13:27:13 - Plugins in update cache after reset:
2025-07-10 13:27:24 - Resetting update count on page load
2025-07-10 13:27:25 - Forced WordPress to check for updates
2025-07-10 13:27:25 - New update count: 0
2025-07-10 13:27:25 - Plugins in update cache after reset:
2025-07-10 13:27:25 - Resetting update count on page load
2025-07-10 13:27:26 - Forced WordPress to check for updates
2025-07-10 13:27:26 - New update count: 0
2025-07-10 13:27:26 - Plugins in update cache after reset:
2025-07-10 13:27:59 - Resetting update count on page load
2025-07-10 13:27:59 - Current plugins in update cache:
2025-07-10 13:28:00 - Forced WordPress to check for updates
2025-07-10 13:28:00 - New update count: 0
2025-07-10 13:28:00 - Plugins in update cache after reset:
2025-07-10 13:28:28 - Resetting update count on page load
2025-07-10 13:28:28 - Current plugins in update cache:
2025-07-10 13:28:29 - Forced WordPress to check for updates
2025-07-10 13:28:29 - New update count: 0
2025-07-10 13:28:29 - Plugins in update cache after reset:
2025-07-10 13:28:29 - Resetting update count on page load
2025-07-10 13:28:29 - Current plugins in update cache:
2025-07-10 13:28:30 - Forced WordPress to check for updates
2025-07-10 13:28:30 - New update count: 0
2025-07-10 13:28:30 - Plugins in update cache after reset:
2025-07-10 13:28:47 - Resetting update count on page load
2025-07-10 13:28:47 - Current plugins in update cache:
2025-07-10 13:28:48 - Forced WordPress to check for updates
2025-07-10 13:28:48 - New update count: 0
2025-07-10 13:28:48 - Plugins in update cache after reset:
2025-07-10 13:28:50 - Resetting update count on page load
2025-07-10 13:28:50 - Current plugins in update cache:
2025-07-10 13:28:51 - Forced WordPress to check for updates
2025-07-10 13:28:51 - New update count: 0
2025-07-10 13:28:51 - Plugins in update cache after reset:
2025-07-10 13:28:53 - Resetting update count on page load
2025-07-10 13:28:53 - Current plugins in update cache:
2025-07-10 13:28:54 - Forced WordPress to check for updates
2025-07-10 13:28:54 - New update count: 0
2025-07-10 13:28:54 - Plugins in update cache after reset:
2025-07-10 13:29:00 - Resetting update count on page load
2025-07-10 13:29:00 - Current plugins in update cache:
2025-07-10 13:29:01 - Forced WordPress to check for updates
2025-07-10 13:29:01 - New update count: 0
2025-07-10 13:29:01 - Plugins in update cache after reset:
2025-07-10 13:29:56 - Resetting update count on page load
2025-07-10 13:29:56 - Current plugins in update cache:
2025-07-10 13:29:57 - Forced WordPress to check for updates
2025-07-10 13:29:57 - New update count: 0
2025-07-10 13:29:57 - Plugins in update cache after reset:
2025-07-10 13:31:01 - Resetting update count on page load
2025-07-10 13:31:01 - Current plugins in update cache:
2025-07-10 13:31:02 - Forced WordPress to check for updates
2025-07-10 13:31:02 - New update count: 0
2025-07-10 13:31:02 - Plugins in update cache after reset:
2025-07-10 13:31:56 - Resetting update count on page load
2025-07-10 13:31:56 - Current plugins in update cache:
2025-07-10 13:31:57 - Forced WordPress to check for updates
2025-07-10 13:31:57 - New update count: 0
2025-07-10 13:31:57 - Plugins in update cache after reset:
2025-07-10 13:33:02 - Resetting update count on page load
2025-07-10 13:33:02 - Current plugins in update cache:
2025-07-10 13:33:03 - Forced WordPress to check for updates
2025-07-10 13:33:03 - New update count: 0
2025-07-10 13:33:03 - Plugins in update cache after reset:
2025-07-10 13:33:56 - Resetting update count on page load
2025-07-10 13:33:56 - Current plugins in update cache:
2025-07-10 13:33:57 - Forced WordPress to check for updates
2025-07-10 13:33:57 - New update count: 0
2025-07-10 13:33:57 - Plugins in update cache after reset:
2025-07-10 13:35:03 - Resetting update count on page load
2025-07-10 13:35:03 - Current plugins in update cache:
2025-07-10 13:35:04 - Forced WordPress to check for updates
2025-07-10 13:35:04 - New update count: 0
2025-07-10 13:35:04 - Plugins in update cache after reset:
2025-07-10 13:35:56 - Resetting update count on page load
2025-07-10 13:35:56 - Current plugins in update cache:
2025-07-10 13:35:57 - Forced WordPress to check for updates
2025-07-10 13:35:57 - New update count: 0
2025-07-10 13:35:57 - Plugins in update cache after reset:
2025-07-10 13:37:04 - Resetting update count on page load
2025-07-10 13:37:04 - Current plugins in update cache:
2025-07-10 13:37:05 - Forced WordPress to check for updates
2025-07-10 13:37:05 - New update count: 0
2025-07-10 13:37:05 - Plugins in update cache after reset:
2025-07-10 13:37:56 - Resetting update count on page load
2025-07-10 13:37:56 - Current plugins in update cache:
2025-07-10 13:37:57 - Forced WordPress to check for updates
2025-07-10 13:37:57 - New update count: 0
2025-07-10 13:37:57 - Plugins in update cache after reset:
2025-07-10 13:39:42 - Resetting update count on page load
2025-07-10 13:39:42 - Current plugins in update cache:
2025-07-10 13:39:43 - Forced WordPress to check for updates
2025-07-10 13:39:43 - New update count: 0
2025-07-10 13:39:43 - Plugins in update cache after reset:
2025-07-10 13:39:48 - Resetting update count on page load
2025-07-10 13:39:48 - Current plugins in update cache:
2025-07-10 13:39:50 - Resetting update count on page load
2025-07-10 13:39:50 - Current plugins in update cache:
2025-07-10 13:39:54 - Forced WordPress to check for updates
2025-07-10 13:39:54 - New update count: 0
2025-07-10 13:39:54 - Plugins in update cache after reset:
2025-07-10 13:39:56 - Forced WordPress to check for updates
2025-07-10 13:39:56 - New update count: 0
2025-07-10 13:39:56 - Plugins in update cache after reset:
2025-07-10 13:40:23 - Resetting update count on page load
2025-07-10 13:40:23 - Current plugins in update cache:
2025-07-10 13:40:29 - Forced WordPress to check for updates
2025-07-10 13:40:29 - New update count: 0
2025-07-10 13:40:29 - Plugins in update cache after reset:
2025-07-10 13:40:32 - Resetting update count on page load
2025-07-10 13:40:32 - Current plugins in update cache:
2025-07-10 13:40:38 - Forced WordPress to check for updates
2025-07-10 13:40:38 - New update count: 0
2025-07-10 13:40:38 - Plugins in update cache after reset:
2025-07-10 13:41:40 - Resetting update count on page load
2025-07-10 13:41:40 - Current plugins in update cache:
2025-07-10 13:41:41 - Forced WordPress to check for updates
2025-07-10 13:41:41 - New update count: 0
2025-07-10 13:41:41 - Plugins in update cache after reset:
2025-07-10 13:42:41 - Resetting update count on page load
2025-07-10 13:42:41 - Current plugins in update cache:
2025-07-10 13:42:41 - Forced WordPress to check for updates
2025-07-10 13:42:41 - New update count: 0
2025-07-10 13:42:41 - Plugins in update cache after reset:
2025-07-10 13:44:42 - Resetting update count on page load
2025-07-10 13:44:42 - Current plugins in update cache:
2025-07-10 13:44:42 - Forced WordPress to check for updates
2025-07-10 13:44:42 - New update count: 0
2025-07-10 13:44:42 - Plugins in update cache after reset:
2025-07-10 13:45:33 - Resetting update count on page load
2025-07-10 13:45:33 - Current plugins in update cache:
2025-07-10 13:45:34 - Forced WordPress to check for updates
2025-07-10 13:45:34 - New update count: 0
2025-07-10 13:45:34 - Plugins in update cache after reset:
2025-07-10 13:46:36 - Resetting update count on page load
2025-07-10 13:46:36 - Current plugins in update cache:
2025-07-10 13:46:37 - Forced WordPress to check for updates
2025-07-10 13:46:37 - New update count: 0
2025-07-10 13:46:37 - Plugins in update cache after reset:
2025-07-10 13:47:37 - Resetting update count on page load
2025-07-10 13:47:37 - Current plugins in update cache:
2025-07-10 13:47:38 - Forced WordPress to check for updates
2025-07-10 13:47:38 - New update count: 0
2025-07-10 13:47:38 - Plugins in update cache after reset:
